<?xml version="1.0" encoding="UTF-8"?>
<!-- Generated by org.testng.reporters.JUnitXMLReporter -->
<testsuite ignored="0" hostname="DESKTOP-2F1L027" failures="1" tests="1" name="Test" time="125.421" errors="0" timestamp="21 Jan 2022 20:39:46 GMT">
  <testcase classname="com.pCloudy.testNG.Runner" name="Test" time="74.043">
    <failure type="org.openqa.selenium.NoSuchElementException" message="An element could not be located on the page using the given search parameters.
For documentation on this error, please visit: https://www.seleniumhq.org/exceptions/no_such_element.html
Build info: version: &amp;apos;3.141.59&amp;apos;, revision: &amp;apos;e82be7d358&amp;apos;, time: &amp;apos;2018-11-14T08:17:03&amp;apos;
System info: host: &amp;apos;DESKTOP-2F1L027&amp;apos;, ip: &amp;apos;192.168.0.2&amp;apos;, os.name: &amp;apos;Windows 10&amp;apos;, os.arch: &amp;apos;amd64&amp;apos;, os.version: &amp;apos;10.0&amp;apos;, java.version: &amp;apos;11.0.2&amp;apos;
Driver info: io.appium.java_client.android.AndroidDriver
Capabilities {app: /home/radmin/build/raid-dat..., appActivity: com.ma.android.MainActivity, appPackage: com.ma.android, automationName: uiautomator2, databaseEnabled: false, desired: {app: /home/radmin/build/raid-dat..., appActivity: com.ma.android.MainActivity, appPackage: com.ma.android, automationName: uiautomator2, deviceName: 327, launchTimeout: 90000, newCommandTimeout: 6000, pCloudy_ApiKey: hhpg97q6k483pdxj3df3hg8h, pCloudy_ApplicationName: shop1-1640458429.apk, pCloudy_DeviceManufacturer: GOOGLE, pCloudy_DeviceVersion: 11.0.0, pCloudy_DurationInMinutes: 15, pCloudy_EnableDeviceLogs: false, pCloudy_EnablePerformanceData: false, pCloudy_EnableVideo: false, pCloudy_Username: danish.faraz@sstsinc.com, pCloudy_WildNet: false, pCloudy_noReset: false, platformName: android, platformVersion: 11.0.0, systemPort: 30634, uiautomator2ServerInstallTimeout: 120000, uiautomator2ServerLaunchTimeout: 120000}, deviceApiLevel: 30, deviceManufacturer: Google, deviceModel: Pixel 3, deviceName: 89DX08FRK, deviceScreenDensity: 440, deviceScreenSize: 1080x2160, deviceUDID: 89DX08FRK, javascriptEnabled: true, launchTimeout: 90000, locationContextEnabled: false, networkConnectionEnabled: true, newCommandTimeout: 6000, pCloudy_ApiKey: hhpg97q6k483pdxj3df3hg8h, pCloudy_ApplicationName: shop1-1640458429.apk, pCloudy_DeviceManufacturer: GOOGLE, pCloudy_DeviceVersion: 11.0.0, pCloudy_DurationInMinutes: 15, pCloudy_EnableDeviceLogs: false, pCloudy_EnablePerformanceData: false, pCloudy_EnableVideo: false, pCloudy_Username: danish.faraz@sstsinc.com, pCloudy_WildNet: false, pCloudy_noReset: false, pixelRatio: 2.75, platform: LINUX, platformName: Android, platformVersion: 11, statBarHeight: 66, systemPort: 30634, takesScreenshot: true, uiautomator2ServerInstallTimeout: 120000, uiautomator2ServerLaunchTimeout: 120000, viewportRect: {height: 1962, left: 0, top: 66, width: 1080}, warnings: {}, webStorageEnabled: false}
Session ID: 6c787147-bb0b-45d7-981c-c2fa5e233e79
*** Element info: {Using=xpath, value=//android.widget.TextView[@text=&amp;apos;HOME&amp;apos;]}">
      <![CDATA[org.openqa.selenium.NoSuchElementException: An element could not be located on the page using the given search parameters.
For documentation on this error, please visit: https://www.seleniumhq.org/exceptions/no_such_element.html
Build info: version: '3.141.59', revision: 'e82be7d358', time: '2018-11-14T08:17:03'
System info: host: 'DESKTOP-2F1L027', ip: '192.168.0.2', os.name: 'Windows 10', os.arch: 'amd64', os.version: '10.0', java.version: '11.0.2'
Driver info: io.appium.java_client.android.AndroidDriver
Capabilities {app: /home/radmin/build/raid-dat..., appActivity: com.ma.android.MainActivity, appPackage: com.ma.android, automationName: uiautomator2, databaseEnabled: false, desired: {app: /home/radmin/build/raid-dat..., appActivity: com.ma.android.MainActivity, appPackage: com.ma.android, automationName: uiautomator2, deviceName: 327, launchTimeout: 90000, newCommandTimeout: 6000, pCloudy_ApiKey: hhpg97q6k483pdxj3df3hg8h, pCloudy_ApplicationName: shop1-1640458429.apk, pCloudy_DeviceManufacturer: GOOGLE, pCloudy_DeviceVersion: 11.0.0, pCloudy_DurationInMinutes: 15, pCloudy_EnableDeviceLogs: false, pCloudy_EnablePerformanceData: false, pCloudy_EnableVideo: false, pCloudy_Username: danish.faraz@sstsinc.com, pCloudy_WildNet: false, pCloudy_noReset: false, platformName: android, platformVersion: 11.0.0, systemPort: 30634, uiautomator2ServerInstallTimeout: 120000, uiautomator2ServerLaunchTimeout: 120000}, deviceApiLevel: 30, deviceManufacturer: Google, deviceModel: Pixel 3, deviceName: 89DX08FRK, deviceScreenDensity: 440, deviceScreenSize: 1080x2160, deviceUDID: 89DX08FRK, javascriptEnabled: true, launchTimeout: 90000, locationContextEnabled: false, networkConnectionEnabled: true, newCommandTimeout: 6000, pCloudy_ApiKey: hhpg97q6k483pdxj3df3hg8h, pCloudy_ApplicationName: shop1-1640458429.apk, pCloudy_DeviceManufacturer: GOOGLE, pCloudy_DeviceVersion: 11.0.0, pCloudy_DurationInMinutes: 15, pCloudy_EnableDeviceLogs: false, pCloudy_EnablePerformanceData: false, pCloudy_EnableVideo: false, pCloudy_Username: danish.faraz@sstsinc.com, pCloudy_WildNet: false, pCloudy_noReset: false, pixelRatio: 2.75, platform: LINUX, platformName: Android, platformVersion: 11, statBarHeight: 66, systemPort: 30634, takesScreenshot: true, uiautomator2ServerInstallTimeout: 120000, uiautomator2ServerLaunchTimeout: 120000, viewportRect: {height: 1962, left: 0, top: 66, width: 1080}, warnings: {}, webStorageEnabled: false}
Session ID: 6c787147-bb0b-45d7-981c-c2fa5e233e79
*** Element info: {Using=xpath, value=//android.widget.TextView[@text='HOME']}
	at org.openqa.selenium.remote.http.W3CHttpResponseCodec.createException(W3CHttpResponseCodec.java:187)
	at org.openqa.selenium.remote.http.W3CHttpResponseCodec.decode(W3CHttpResponseCodec.java:122)
	at org.openqa.selenium.remote.http.W3CHttpResponseCodec.decode(W3CHttpResponseCodec.java:49)
	at org.openqa.selenium.remote.HttpCommandExecutor.execute(HttpCommandExecutor.java:158)
	at io.appium.java_client.remote.AppiumCommandExecutor.execute(AppiumCommandExecutor.java:239)
	at org.openqa.selenium.remote.RemoteWebDriver.execute(RemoteWebDriver.java:552)
	at io.appium.java_client.DefaultGenericMobileDriver.execute(DefaultGenericMobileDriver.java:41)
	at io.appium.java_client.AppiumDriver.execute(AppiumDriver.java:1)
	at io.appium.java_client.android.AndroidDriver.execute(AndroidDriver.java:1)
	at org.openqa.selenium.remote.RemoteWebDriver.findElement(RemoteWebDriver.java:323)
	at io.appium.java_client.DefaultGenericMobileDriver.findElement(DefaultGenericMobileDriver.java:61)
	at io.appium.java_client.AppiumDriver.findElement(AppiumDriver.java:1)
	at io.appium.java_client.android.AndroidDriver.findElement(AndroidDriver.java:1)
	at org.openqa.selenium.remote.RemoteWebDriver.findElementByXPath(RemoteWebDriver.java:428)
	at io.appium.java_client.DefaultGenericMobileDriver.findElementByXPath(DefaultGenericMobileDriver.java:151)
	at io.appium.java_client.AppiumDriver.findElementByXPath(AppiumDriver.java:1)
	at io.appium.java_client.android.AndroidDriver.findElementByXPath(AndroidDriver.java:1)
	at org.openqa.selenium.By$ByXPath.findElement(By.java:353)
	at org.openqa.selenium.remote.RemoteWebDriver.findElement(RemoteWebDriver.java:315)
	at io.appium.java_client.DefaultGenericMobileDriver.findElement(DefaultGenericMobileDriver.java:57)
	at io.appium.java_client.AppiumDriver.findElement(AppiumDriver.java:1)
	at io.appium.java_client.android.AndroidDriver.findElement(AndroidDriver.java:1)
	at com.pCloudy.testNG.Runner.Test(Runner.java:136)
	at java.base/java.util.concurrent.FutureTask.run(FutureTask.java:264)
	at java.base/java.util.concurrent.ThreadPoolExecutor.runWorker(ThreadPoolExecutor.java:1128)
	at java.base/java.util.concurrent.ThreadPoolExecutor$Worker.run(ThreadPoolExecutor.java:628)
	at java.base/java.lang.Thread.run(Thread.java:834)
... Removed 20 stack frames]]>
    </failure>
  </testcase> <!-- Test -->
</testsuite> <!-- Test -->
